<?xml version="1.0" encoding="UTF-8" standalone="yes"?><!DOCTYPE report PUBLIC "-//JACOCO//DTD Report 1.1//EN" "report.dtd"><report name="untitled"><sessioninfo id="asvlasova-5d66e725" start="1647454919143" dump="1647454919546"/><sessioninfo id="asvlasova-b8315952" start="1647467589212" dump="1647467590401"/><sessioninfo id="asvlasova-b926952" start="1647468382689" dump="1647468383899"/><sessioninfo id="asvlasova-44f83116" start="1647468643299" dump="1647468644504"/><sessioninfo id="asvlasova-759d7923" start="1647468923784" dump="1647468925207"/><sessioninfo id="asvlasova-94106a2b" start="1647468998944" dump="1647469000364"/><sessioninfo id="asvlasova-714f907e" start="1647469061173" dump="1647469062474"/><sessioninfo id="asvlasova-3b9798a6" start="1647502315406" dump="1647502317736"/><sessioninfo id="asvlasova-72e092a0" start="1647503326745" dump="1647503328100"/><sessioninfo id="asvlasova-489c8d4b" start="1647503614256" dump="1647503615532"/><package name="com/example"><class name="com/example/Feline" sourcefilename="Feline.java"><method name="&lt;init&gt;" desc="()V" line="5"><counter type="INSTRUCTION" missed="0" covered="3"/><counter type="LINE" missed="0" covered="1"/><counter type="COMPLEXITY" missed="0" covered="1"/><counter type="METHOD" missed="0" covered="1"/></method><method name="eatMeat" desc="()Ljava/util/List;" line="9"><counter type="INSTRUCTION" missed="0" covered="4"/><counter type="LINE" missed="0" covered="1"/><counter type="COMPLEXITY" missed="0" covered="1"/><counter type="METHOD" missed="0" covered="1"/></method><method name="getFamily" desc="()Ljava/lang/String;" line="14"><counter type="INSTRUCTION" missed="0" covered="2"/><counter type="LINE" missed="0" covered="1"/><counter type="COMPLEXITY" missed="0" covered="1"/><counter type="METHOD" missed="0" covered="1"/></method><method name="getKittens" desc="()I" line="18"><counter type="INSTRUCTION" missed="0" covered="4"/><counter type="LINE" missed="0" covered="1"/><counter type="COMPLEXITY" missed="0" covered="1"/><counter type="METHOD" missed="0" covered="1"/></method><method name="getKittens" desc="(I)I" line="22"><counter type="INSTRUCTION" missed="0" covered="2"/><counter type="LINE" missed="0" covered="1"/><counter type="COMPLEXITY" missed="0" covered="1"/><counter type="METHOD" missed="0" covered="1"/></method><counter type="INSTRUCTION" missed="0" covered="15"/><counter type="LINE" missed="0" covered="5"/><counter type="COMPLEXITY" missed="0" covered="5"/><counter type="METHOD" missed="0" covered="5"/><counter type="CLASS" missed="0" covered="1"/></class><class name="com/example/Animal" sourcefilename="Animal.java"><method name="&lt;init&gt;" desc="()V" line="5"><counter type="INSTRUCTION" missed="0" covered="3"/><counter type="LINE" missed="0" covered="1"/><counter type="COMPLEXITY" missed="0" covered="1"/><counter type="METHOD" missed="0" covered="1"/></method><method name="getFood" desc="(Ljava/lang/String;)Ljava/util/List;" line="8"><counter type="INSTRUCTION" missed="9" covered="13"/><counter type="BRANCH" missed="2" covered="2"/><counter type="LINE" missed="2" covered="3"/><counter type="COMPLEXITY" missed="2" covered="1"/><counter type="METHOD" missed="0" covered="1"/></method><method name="getFamily" desc="()Ljava/lang/String;" line="18"><counter type="INSTRUCTION" missed="2" covered="0"/><counter type="LINE" missed="1" covered="0"/><counter type="COMPLEXITY" missed="1" covered="0"/><counter type="METHOD" missed="1" covered="0"/></method><counter type="INSTRUCTION" missed="11" covered="16"/><counter type="BRANCH" missed="2" covered="2"/><counter type="LINE" missed="3" covered="4"/><counter type="COMPLEXITY" missed="3" covered="2"/><counter type="METHOD" missed="1" covered="2"/><counter type="CLASS" missed="0" covered="1"/></class><class name="com/example/Lion" sourcefilename="Lion.java"><method name="&lt;init&gt;" desc="(Ljava/lang/String;Lcom/example/Feline;)V" line="10"><counter type="INSTRUCTION" missed="13" covered="14"/><counter type="BRANCH" missed="3" covered="1"/><counter type="LINE" missed="3" covered="5"/><counter type="COMPLEXITY" missed="2" covered="1"/><counter type="METHOD" missed="0" covered="1"/></method><method name="getKittens" desc="(I)I" line="22"><counter type="INSTRUCTION" missed="5" covered="0"/><counter type="LINE" missed="1" covered="0"/><counter type="COMPLEXITY" missed="1" covered="0"/><counter type="METHOD" missed="1" covered="0"/></method><method name="doesHaveMane" desc="()Z" line="26"><counter type="INSTRUCTION" missed="3" covered="0"/><counter type="LINE" missed="1" covered="0"/><counter type="COMPLEXITY" missed="1" covered="0"/><counter type="METHOD" missed="1" covered="0"/></method><method name="getFood" desc="()Ljava/util/List;" line="30"><counter type="INSTRUCTION" missed="0" covered="5"/><counter type="LINE" missed="0" covered="1"/><counter type="COMPLEXITY" missed="0" covered="1"/><counter type="METHOD" missed="0" covered="1"/></method><counter type="INSTRUCTION" missed="21" covered="19"/><counter type="BRANCH" missed="3" covered="1"/><counter type="LINE" missed="5" covered="6"/><counter type="COMPLEXITY" missed="4" covered="2"/><counter type="METHOD" missed="2" covered="2"/><counter type="CLASS" missed="0" covered="1"/></class><class name="com/example/Predator" sourcefilename="Predator.java"/><class name="com/example/Cat" sourcefilename="Cat.java"><method name="&lt;init&gt;" desc="(Lcom/example/Feline;)V" line="9"><counter type="INSTRUCTION" missed="0" covered="6"/><counter type="LINE" missed="0" covered="3"/><counter type="COMPLEXITY" missed="0" covered="1"/><counter type="METHOD" missed="0" covered="1"/></method><method name="getSound" desc="()Ljava/lang/String;" line="14"><counter type="INSTRUCTION" missed="0" covered="2"/><counter type="LINE" missed="0" covered="1"/><counter type="COMPLEXITY" missed="0" covered="1"/><counter type="METHOD" missed="0" covered="1"/></method><method name="getFood" desc="()Ljava/util/List;" line="18"><counter type="INSTRUCTION" missed="0" covered="4"/><counter type="LINE" missed="0" covered="1"/><counter type="COMPLEXITY" missed="0" covered="1"/><counter type="METHOD" missed="0" covered="1"/></method><counter type="INSTRUCTION" missed="0" covered="12"/><counter type="LINE" missed="0" covered="5"/><counter type="COMPLEXITY" missed="0" covered="3"/><counter type="METHOD" missed="0" covered="3"/><counter type="CLASS" missed="0" covered="1"/></class><sourcefile name="Lion.java"><line nr="10" mi="0" ci="2" mb="0" cb="0"/><line nr="11" mi="0" ci="4" mb="1" cb="1"/><line nr="12" mi="0" ci="4" mb="0" cb="0"/><line nr="13" mi="4" ci="0" mb="2" cb="0"/><line nr="14" mi="4" ci="0" mb="0" cb="0"/><line nr="16" mi="5" ci="0" mb="0" cb="0"/><line nr="18" mi="0" ci="3" mb="0" cb="0"/><line nr="19" mi="0" ci="1" mb="0" cb="0"/><line nr="22" mi="5" ci="0" mb="0" cb="0"/><line nr="26" mi="3" ci="0" mb="0" cb="0"/><line nr="30" mi="0" ci="5" mb="0" cb="0"/><counter type="INSTRUCTION" missed="21" covered="19"/><counter type="BRANCH" missed="3" covered="1"/><counter type="LINE" missed="5" covered="6"/><counter type="COMPLEXITY" missed="4" covered="2"/><counter type="METHOD" missed="2" covered="2"/><counter type="CLASS" missed="0" covered="1"/></sourcefile><sourcefile name="Predator.java"/><sourcefile name="Animal.java"><line nr="5" mi="0" ci="3" mb="0" cb="0"/><line nr="8" mi="0" ci="4" mb="1" cb="1"/><line nr="9" mi="4" ci="0" mb="0" cb="0"/><line nr="10" mi="0" ci="4" mb="1" cb="1"/><line nr="11" mi="0" ci="5" mb="0" cb="0"/><line nr="13" mi="5" ci="0" mb="0" cb="0"/><line nr="18" mi="2" ci="0" mb="0" cb="0"/><counter type="INSTRUCTION" missed="11" covered="16"/><counter type="BRANCH" missed="2" covered="2"/><counter type="LINE" missed="3" covered="4"/><counter type="COMPLEXITY" missed="3" covered="2"/><counter type="METHOD" missed="1" covered="2"/><counter type="CLASS" missed="0" covered="1"/></sourcefile><sourcefile name="Feline.java"><line nr="5" mi="0" ci="3" mb="0" cb="0"/><line nr="9" mi="0" ci="4" mb="0" cb="0"/><line nr="14" mi="0" ci="2" mb="0" cb="0"/><line nr="18" mi="0" ci="4" mb="0" cb="0"/><line nr="22" mi="0" ci="2" mb="0" cb="0"/><counter type="INSTRUCTION" missed="0" covered="15"/><counter type="LINE" missed="0" covered="5"/><counter type="COMPLEXITY" missed="0" covered="5"/><counter type="METHOD" missed="0" covered="5"/><counter type="CLASS" missed="0" covered="1"/></sourcefile><sourcefile name="Cat.java"><line nr="9" mi="0" ci="2" mb="0" cb="0"/><line nr="10" mi="0" ci="3" mb="0" cb="0"/><line nr="11" mi="0" ci="1" mb="0" cb="0"/><line nr="14" mi="0" ci="2" mb="0" cb="0"/><line nr="18" mi="0" ci="4" mb="0" cb="0"/><counter type="INSTRUCTION" missed="0" covered="12"/><counter type="LINE" missed="0" covered="5"/><counter type="COMPLEXITY" missed="0" covered="3"/><counter type="METHOD" missed="0" covered="3"/><counter type="CLASS" missed="0" covered="1"/></sourcefile><counter type="INSTRUCTION" missed="32" covered="62"/><counter type="BRANCH" missed="5" covered="3"/><counter type="LINE" missed="8" covered="20"/><counter type="COMPLEXITY" missed="7" covered="12"/><counter type="METHOD" missed="3" covered="12"/><counter type="CLASS" missed="0" covered="4"/></package><counter type="INSTRUCTION" missed="32" covered="62"/><counter type="BRANCH" missed="5" covered="3"/><counter type="LINE" missed="8" covered="20"/><counter type="COMPLEXITY" missed="7" covered="12"/><counter type="METHOD" missed="3" covered="12"/><counter type="CLASS" missed="0" covered="4"/></report>